Error : SQLSTATE[HY000] [2006] MySQL server has gone away - / at Sunday 22nd of August, 2021, 04:10:57 AM
Error : SQLSTATE[HY000] [2006] MySQL server has gone away - / at Sunday 22nd of August, 2021, 04:11:12 AM
Error : SQLSTATE[HY000] [2006] MySQL server has gone away - / at Sunday 22nd of August, 2021, 04:11:28 AM
Error : SQLSTATE[HY000] [1040] Too many connections - / at Sunday 22nd of August, 2021, 04:11:30 AM
Error : SQLSTATE[HY000] [2006] MySQL server has gone away - / at Sunday 22nd of August, 2021, 04:14:19 AM
Error : SQLSTATE[HY000] [2006] MySQL server has gone away - / at Sunday 22nd of August, 2021, 04:19:53 AM
Error : SQLSTATE[HY000] [2006] MySQL server has gone away - / at Sunday 22nd of August, 2021, 04:19:53 AM
Error : SQLSTATE[HY000] [1040] Too many connections - / at Sunday 22nd of August, 2021, 04:19:55 AM
Error : SQLSTATE[HY000] [2006] MySQL server has gone away - / at Sunday 22nd of August, 2021, 04:19:55 AM
Error : SQLSTATE[HY000] [2006] MySQL server has gone away - / at Sunday 22nd of August, 2021, 04:20:29 AM
Error : SQLSTATE[HY000] [2006] MySQL server has gone away - / at Tuesday 24th of August, 2021, 08:50:36 PM
Error : SQLSTATE[HY000] [1040] Too many connections - / at Tuesday 24th of August, 2021, 08:50:38 PM
Error : SQLSTATE[HY000] [2006] MySQL server has gone away - / at Tuesday 24th of August, 2021, 08:50:58 PM
Error : SQLSTATE[HY000] [2006] MySQL server has gone away - / at Tuesday 24th of August, 2021, 08:51:00 PM
Error : SQLSTATE[HY000] [1040] Too many connections - / at Tuesday 24th of August, 2021, 08:51:08 PM
Error : SQLSTATE[HY000] [2006] MySQL server has gone away - / at Tuesday 24th of August, 2021, 11:42:25 PM
Error : SQLSTATE[HY000] [2006] MySQL server has gone away - / at Tuesday 24th of August, 2021, 11:42:26 PM
Error : SQLSTATE[HY000] [2006] MySQL server has gone away - / at Tuesday 24th of August, 2021, 11:42:26 PM
Error : SQLSTATE[HY000] [2006] MySQL server has gone away - /index.php at Wednesday 25th of August, 2021, 12:38:23 AM
Error : SQLSTATE[HY000] [2006] MySQL server has gone away - /index.php at Wednesday 25th of August, 2021, 12:38:29 AM
Error : SQLSTATE[HY000] [2006] MySQL server has gone away - /index.php at Wednesday 25th of August, 2021, 12:38:35 AM
Error : SQLSTATE[HY000] [2006] MySQL server has gone away - / at Wednesday 25th of August, 2021, 12:38:40 AM
Error : SQLSTATE[HY000] [2006] MySQL server has gone away - / at Wednesday 25th of August, 2021, 12:38:56 AM
Error : SQLSTATE[HY000] [2006] MySQL server has gone away - / at Wednesday 25th of August, 2021, 12:38:59 AM
Error : SQLSTATE[HY000] [2006] MySQL server has gone away - / at Wednesday 25th of August, 2021, 12:39:02 AM
Error : SQLSTATE[HY000] [2006] MySQL server has gone away - / at Wednesday 25th of August, 2021, 12:39:30 AM
Error : SQLSTATE[HY000] [2006] MySQL server has gone away - / at Wednesday 25th of August, 2021, 12:39:30 AM
Error : SQLSTATE[HY000] [2006] MySQL server has gone away - / at Wednesday 25th of August, 2021, 12:39:42 AM
Error : SQLSTATE[HY000] [2006] MySQL server has gone away - / at Wednesday 25th of August, 2021, 12:40:00 AM
Error : SQLSTATE[HY000] [2006] MySQL server has gone away - / at Wednesday 25th of August, 2021, 12:40:05 AM
Error : SQLSTATE[HY000] [2006] MySQL server has gone away - / at Wednesday 25th of August, 2021, 12:40:06 AM
Error : SQLSTATE[HY000] [2006] MySQL server has gone away - / at Wednesday 25th of August, 2021, 12:40:11 AM
Error : SQLSTATE[HY000] [2006] MySQL server has gone away - / at Wednesday 25th of August, 2021, 12:40:14 AM
Error : SQLSTATE[HY000] [2006] MySQL server has gone away - / at Wednesday 25th of August, 2021, 12:40:22 AM
Error : SQLSTATE[HY000] [2006] MySQL server has gone away - /doxs.php?id=1615 at Wednesday 25th of August, 2021, 12:40:41 AM
Error : SQLSTATE[HY000] [2006] MySQL server has gone away - /doxs.php?id=1568 at Wednesday 25th of August, 2021, 12:40:45 AM
Error : SQLSTATE[HY000] [2006] MySQL server has gone away - / at Wednesday 25th of August, 2021, 12:42:59 AM
Error : SQLSTATE[HY000] [2006] MySQL server has gone away - / at Wednesday 25th of August, 2021, 12:43:11 AM
Error : SQLSTATE[HY000] [2006] MySQL server has gone away - / at Wednesday 25th of August, 2021, 12:43:22 AM
Error : SQLSTATE[HY000] [2006] MySQL server has gone away - / at Wednesday 25th of August, 2021, 12:43:31 AM
Error : SQLSTATE[HY000] [2006] MySQL server has gone away - / at Wednesday 25th of August, 2021, 12:43:52 AM
Error : SQLSTATE[HY000] [2006] MySQL server has gone away - / at Wednesday 25th of August, 2021, 12:44:02 AM
Error : SQLSTATE[HY000] [2006] MySQL server has gone away - / at Wednesday 25th of August, 2021, 12:44:06 AM
Error : SQLSTATE[HY000] [2006] MySQL server has gone away - / at Wednesday 25th of August, 2021, 12:44:12 AM
Error : SQLSTATE[HY000] [2006] MySQL server has gone away - / at Wednesday 25th of August, 2021, 12:44:26 AM
Error : SQLSTATE[HY000] [2006] MySQL server has gone away - / at Wednesday 25th of August, 2021, 12:44:28 AM
Error : SQLSTATE[HY000] [2006] MySQL server has gone away - / at Wednesday 25th of August, 2021, 12:44:40 AM
Error : SQLSTATE[HY000] [2006] MySQL server has gone away - / at Wednesday 25th of August, 2021, 12:44:46 AM
Error : SQLSTATE[HY000] [2006] MySQL server has gone away - / at Wednesday 25th of August, 2021, 12:45:03 AM
Error : SQLSTATE[HY000] [2006] MySQL server has gone away - / at Wednesday 25th of August, 2021, 12:45:10 AM
Error : SQLSTATE[HY000] [2006] MySQL server has gone away - / at Wednesday 25th of August, 2021, 12:45:11 AM
Error : SQLSTATE[HY000] [2006] MySQL server has gone away - / at Wednesday 25th of August, 2021, 12:45:13 AM
Error : SQLSTATE[HY000] [2006] MySQL server has gone away - / at Wednesday 25th of August, 2021, 12:45:16 AM
Error : SQLSTATE[HY000] [2006] MySQL server has gone away - / at Wednesday 25th of August, 2021, 12:45:32 AM
Error : SQLSTATE[HY000] [2006] MySQL server has gone away - / at Wednesday 25th of August, 2021, 12:45:45 AM
Error : SQLSTATE[HY000] [2006] MySQL server has gone away - / at Wednesday 25th of August, 2021, 12:51:27 AM
Error : SQLSTATE[HY000] [2006] MySQL server has gone away - / at Wednesday 25th of August, 2021, 12:51:37 AM
Error : SQLSTATE[HY000] [1040] Too many connections - / at Wednesday 25th of August, 2021, 12:54:52 AM
Error : SQLSTATE[HY000] [2006] MySQL server has gone away - / at Wednesday 25th of August, 2021, 12:54:57 AM
Error : SQLSTATE[HY000] [2006] MySQL server has gone away - / at Wednesday 25th of August, 2021, 12:54:58 AM
Error : SQLSTATE[HY000] [2006] MySQL server has gone away - / at Wednesday 25th of August, 2021, 12:55:00 AM
Error : SQLSTATE[HY000] [2006] MySQL server has gone away - / at Wednesday 25th of August, 2021, 12:55:02 AM
Error : SQLSTATE[HY000] [2006] MySQL server has gone away - / at Wednesday 25th of August, 2021, 12:56:02 AM
